<?xml version="1.0" encoding="UTF-8" ?>
<testsuite tests="12" failures="0" name="com.tsystems.javaschool.tasks.subsequence.SubsequenceTest" time="0.068" errors="0" skipped="0">
  <properties>
[...]
</properties>
  <testcase classname="com.tsystems.javaschool.tasks.subsequence.SubsequenceTest" name="find00" time="0.067"/>
  <testcase classname="com.tsystems.javaschool.tasks.subsequence.SubsequenceTest" name="find" time="0"/>
  <testcase classname="com.tsystems.javaschool.tasks.subsequence.SubsequenceTest" name="find0" time="0"/>
  <testcase classname="com.tsystems.javaschool.tasks.subsequence.SubsequenceTest" name="find1" time="0"/>
  <testcase classname="com.tsystems.javaschool.tasks.subsequence.SubsequenceTest" name="find2" time="0"/>
  <testcase classname="com.tsystems.javaschool.tasks.subsequence.SubsequenceTest" name="find3" time="0"/>
  <testcase classname="com.tsystems.javaschool.tasks.subsequence.SubsequenceTest" name="find4" time="0"/>
  <testcase classname="com.tsystems.javaschool.tasks.subsequence.SubsequenceTest" name="find5" time="0.001"/>
  <testcase classname="com.tsystems.javaschool.tasks.subsequence.SubsequenceTest" name="find6" time="0"/>
  <testcase classname="com.tsystems.javaschool.tasks.subsequence.SubsequenceTest" name="find7" time="0"/>
  <testcase classname="com.tsystems.javaschool.tasks.subsequence.SubsequenceTest" name="find8" time="0"/>
  <testcase classname="com.tsystems.javaschool.tasks.subsequence.SubsequenceTest" name="find9" time="0"/>
</testsuite>